<?xml version="1.0" encoding="UTF-8"?>
<!-- Generated by org.testng.reporters.JUnitReportReporter -->
<testsuite hostname="DESKTOP-CCS3FJI" failures="0" tests="1" name="maven.Brokenimage" time="6.949" errors="0" timestamp="2023-12-19T12:06:35 IST" skipped="0">
  <testcase classname="maven.Brokenimage" name="broken" time="6.949"/>
  <system-out/>
</testsuite> <!-- maven.Brokenimage -->
