<?xml version="1.0" encoding="UTF-8"?>
<!-- Generated by org.testng.reporters.JUnitReportReporter -->
<testsuite hostname="DESKTOP-CCS3FJI" failures="0" tests="1" name="maven.javascriptexcecutor" time="2.509" errors="0" timestamp="2023-12-20T12:47:32 IST" skipped="0">
  <testcase classname="maven.javascriptexcecutor" name="script" time="2.509"/>
  <system-out/>
</testsuite> <!-- maven.javascriptexcecutor -->
