<?xml version="1.0" encoding="UTF-8"?>
<!-- Generated by org.testng.reporters.JUnitReportReporter -->
<testsuite hostname="DESKTOP-CCS3FJI" failures="0" tests="1" name="maven.alert" time="4.752" errors="0" timestamp="2023-12-14T13:13:08 IST" skipped="0">
  <testcase classname="maven.alert" name="alertpopup" time="4.752"/>
  <system-out/>
</testsuite> <!-- maven.alert -->
