<?xml version="1.0" encoding="UTF-8"?>
<!-- Generated by org.testng.reporters.JUnitReportReporter -->
<testsuite hostname="DESKTOP-CCS3FJI" failures="0" tests="1" name="maven.Javascriptscroll" time="5.914" errors="0" timestamp="2023-12-20T13:31:40 IST" skipped="0">
  <testcase classname="maven.Javascriptscroll" name="scroll" time="5.914"/>
  <system-out/>
</testsuite> <!-- maven.Javascriptscroll -->
