<?xml version="1.0" encoding="UTF-8"?>
<!-- Generated by org.testng.reporters.JUnitReportReporter -->
<testsuite hostname="DESKTOP-CCS3FJI" failures="0" tests="1" name="maven.windowhandle" time="21.196" errors="0" timestamp="2023-12-15T11:47:01 IST" skipped="0">
  <testcase classname="maven.windowhandle" name="test" time="21.196"/>
  <system-out/>
</testsuite> <!-- maven.windowhandle -->
