<?xml version="1.0" encoding="UTF-8"?>
<!-- Generated by org.testng.reporters.JUnitReportReporter -->
<testsuite hostname="DESKTOP-CCS3FJI" failures="0" tests="1" name="maven.Xpath" time="3.471" errors="0" timestamp="2023-12-12T15:16:39 IST" skipped="0">
  <testcase classname="maven.Xpath" name="Xpath1" time="3.471"/>
  <system-out/>
</testsuite> <!-- maven.Xpath -->
