<?xml version="1.0" encoding="UTF-8"?>
<!-- Generated by org.testng.reporters.JUnitReportReporter -->
<testsuite hostname="DESKTOP-CCS3FJI" failures="0" tests="1" name="maven.Javascripthighletfunction" time="5.782" errors="0" timestamp="2023-12-20T13:05:27 IST" skipped="0">
  <testcase classname="maven.Javascripthighletfunction" name="highlet" time="5.782"/>
  <system-out/>
</testsuite> <!-- maven.Javascripthighletfunction -->
