<?xml version="1.0" encoding="UTF-8"?>
<!-- Generated by org.testng.reporters.JUnitReportReporter -->
<testsuite hostname="DESKTOP-CCS3FJI" failures="0" tests="1" name="maven.Handle3" time="20.409" errors="0" timestamp="2023-12-15T11:43:43 IST" skipped="0">
  <testcase classname="maven.Handle3" name="window" time="20.409"/>
  <system-out/>
</testsuite> <!-- maven.Handle3 -->
