<?xml version="1.0" encoding="UTF-8"?>
<!-- Generated by org.testng.reporters.JUnitReportReporter -->
<testsuite hostname="DESKTOP-CCS3FJI" failures="0" tests="1" name="maven.alerts" time="4.585" errors="0" timestamp="2023-12-14T13:08:10 IST" skipped="0">
  <testcase classname="maven.alerts" name="alert" time="4.585"/>
  <system-out/>
</testsuite> <!-- maven.alerts -->
