<?xml version="1.0" encoding="UTF-8"?>
<!-- Generated by org.testng.reporters.JUnitReportReporter -->
<testsuite hostname="DESKTOP-CCS3FJI" failures="0" tests="1" name="maven.robotclass1" time="3.635" errors="0" timestamp="2023-12-19T15:45:56 IST" skipped="0">
  <testcase classname="maven.robotclass1" name="robot" time="3.635"/>
  <system-out/>
</testsuite> <!-- maven.robotclass1 -->
