<?xml version="1.0" encoding="UTF-8"?>
<!-- Generated by org.testng.reporters.JUnitReportReporter -->
<testsuite hostname="DESKTOP-CCS3FJI" failures="0" tests="1" name="maven.textboxhandle" time="9.820" errors="0" timestamp="2023-12-12T19:26:30 IST" skipped="0">
  <testcase classname="maven.textboxhandle" name="texthandle" time="9.820"/>
  <system-out/>
</testsuite> <!-- maven.textboxhandle -->
