<?xml version="1.0" encoding="UTF-8"?>
<!-- Generated by org.testng.reporters.JUnitReportReporter -->
<testsuite hostname="DESKTOP-CCS3FJI" failures="0" tests="1" name="maven.Navigation" time="12.861" errors="0" timestamp="2023-12-13T19:42:59 IST" skipped="0">
  <testcase classname="maven.Navigation" name="navigate" time="12.861"/>
  <system-out/>
</testsuite> <!-- maven.Navigation -->
