<?xml version="1.0" encoding="UTF-8"?>
<!-- Generated by org.testng.reporters.JUnitReportReporter -->
<testsuite hostname="DESKTOP-CCS3FJI" failures="0" tests="1" name="maven.iframe" time="25.443" errors="0" timestamp="2023-12-16T17:02:32 IST" skipped="0">
  <testcase classname="maven.iframe" name="frame" time="25.443"/>
  <system-out/>
</testsuite> <!-- maven.iframe -->
