<?xml version="1.0" encoding="UTF-8"?>
<!-- Generated by org.testng.reporters.JUnitReportReporter -->
<testsuite hostname="DESKTOP-CCS3FJI" failures="0" tests="1" name="maven.htmlcontrols" time="26.605" errors="0" timestamp="2023-12-13T10:13:39 IST" skipped="0">
  <testcase classname="maven.htmlcontrols" name="htmlcontrol" time="26.605"/>
  <system-out/>
</testsuite> <!-- maven.htmlcontrols -->
