<?xml version="1.0" encoding="UTF-8"?>
<!-- Generated by org.testng.reporters.JUnitReportReporter -->
<testsuite hostname="DESKTOP-CCS3FJI" failures="0" tests="1" name="maven.alert1" time="3.407" errors="0" timestamp="2023-12-14T13:06:27 IST" skipped="0">
  <testcase classname="maven.alert1" name="alert3" time="3.407"/>
  <system-out/>
</testsuite> <!-- maven.alert1 -->
