<?xml version="1.0" encoding="UTF-8"?>
<!-- Generated by org.testng.reporters.JUnitReportReporter -->
<testsuite hostname="DESKTOP-CCS3FJI" failures="0" tests="1" name="maven.Frames" time="3.660" errors="0" timestamp="2023-12-17T18:51:55 IST" skipped="0">
  <testcase classname="maven.Frames" name="frame" time="3.660"/>
  <system-out/>
</testsuite> <!-- maven.Frames -->
