<?xml version="1.0" encoding="UTF-8"?>
<!-- Generated by org.testng.reporters.JUnitReportReporter -->
<testsuite hostname="DESKTOP-CCS3FJI" failures="0" tests="1" name="maven.Robotclass2" time="15.645" errors="0" timestamp="2023-12-19T16:51:31 IST" skipped="0">
  <testcase classname="maven.Robotclass2" name="robo" time="15.645"/>
  <system-out/>
</testsuite> <!-- maven.Robotclass2 -->
