<?xml version="1.0" encoding="UTF-8"?>
<!-- Generated by org.testng.reporters.JUnitReportReporter -->
<testsuite hostname="DESKTOP-CCS3FJI" failures="0" tests="1" name="maven.Windowhandle1" time="8.794" errors="0" timestamp="2023-12-14T16:45:10 IST" skipped="0">
  <testcase classname="maven.Windowhandle1" name="handles" time="8.794"/>
  <system-out/>
</testsuite> <!-- maven.Windowhandle1 -->
