<?xml version="1.0" encoding="UTF-8"?>
<!-- Generated by org.testng.reporters.JUnitReportReporter -->
<testsuite hostname="DESKTOP-CCS3FJI" failures="0" tests="1" name="maven.moveto" time="2.799" errors="0" timestamp="2023-12-18T20:16:50 IST" skipped="0">
  <testcase classname="maven.moveto" name="mouse" time="2.799"/>
  <system-out/>
</testsuite> <!-- maven.moveto -->
