<?xml version="1.0" encoding="UTF-8"?>
<!-- Generated by org.testng.reporters.JUnitReportReporter -->
<testsuite hostname="DESKTOP-CCS3FJI" failures="0" tests="1" name="maven.Calender1" time="24.576" errors="0" timestamp="2023-12-20T19:58:46 IST" skipped="0">
  <testcase classname="maven.Calender1" name="calender" time="24.576"/>
  <system-out/>
</testsuite> <!-- maven.Calender1 -->
