<?xml version="1.0" encoding="UTF-8"?>
<!-- Generated by org.testng.reporters.JUnitReportReporter -->
<testsuite hostname="DESKTOP-CCS3FJI" failures="0" tests="1" name="maven.Brokenlinks" time="27.056" errors="0" timestamp="2023-12-19T10:23:12 IST" skipped="0">
  <testcase classname="maven.Brokenlinks" name="broken" time="27.056"/>
  <system-out/>
</testsuite> <!-- maven.Brokenlinks -->
