<?xml version="1.0" encoding="UTF-8"?>
<!-- Generated by org.testng.reporters.JUnitReportReporter -->
<testsuite hostname="DESKTOP-CCS3FJI" failures="0" tests="1" name="maven.dropdown" time="4.749" errors="0" timestamp="2023-12-13T11:28:44 IST" skipped="0">
  <testcase classname="maven.dropdown" name="dropdown2" time="4.749"/>
  <system-out/>
</testsuite> <!-- maven.dropdown -->
