<?xml version="1.0" encoding="UTF-8"?>
<!-- Generated by org.testng.reporters.JUnitReportReporter -->
<testsuite hostname="DESKTOP-CCS3FJI" failures="0" tests="1" name="maven.Key" time="6.231" errors="0" timestamp="2023-12-18T20:44:31 IST" skipped="0">
  <testcase classname="maven.Key" name="keyboa" time="6.231"/>
  <system-out/>
</testsuite> <!-- maven.Key -->
