<?xml version="1.0" encoding="UTF-8"?>
<!-- Generated by org.testng.reporters.JUnitReportReporter -->
<testsuite hostname="DESKTOP-CCS3FJI" failures="0" tests="1" name="maven.Explicitwait" time="18.359" errors="0" timestamp="2023-12-18T15:21:33 IST" skipped="0">
  <testcase classname="maven.Explicitwait" name="wait1" time="18.359"/>
  <system-out/>
</testsuite> <!-- maven.Explicitwait -->
