<?xml version="1.0" encoding="UTF-8"?>
<!-- Generated by org.testng.reporters.JUnitReportReporter -->
<testsuite hostname="DESKTOP-CCS3FJI" failures="0" tests="1" name="maven.pageloadtimeout" time="4.763" errors="0" timestamp="2023-12-18T15:36:24 IST" skipped="0">
  <testcase classname="maven.pageloadtimeout" name="pageload" time="4.763"/>
  <system-out/>
</testsuite> <!-- maven.pageloadtimeout -->
