<?xml version="1.0" encoding="UTF-8"?>
<!-- Generated by org.testng.reporters.JUnitReportReporter -->
<testsuite hostname="DESKTOP-CCS3FJI" failures="0" tests="1" name="maven.checkboxes" time="77.230" errors="0" timestamp="2023-12-12T20:40:23 IST" skipped="0">
  <testcase classname="maven.checkboxes" name="checkbox" time="77.230"/>
  <system-out/>
</testsuite> <!-- maven.checkboxes -->
