<?xml version="1.0" encoding="UTF-8"?>
<!-- Generated by org.testng.reporters.JUnitReportReporter -->
<testsuite hostname="DESKTOP-CCS3FJI" failures="0" tests="1" name="maven.Multipledrop" time="33.867" errors="0" timestamp="2023-12-14T19:26:13 IST" skipped="0">
  <testcase classname="maven.Multipledrop" name="tabs" time="33.867"/>
  <system-out/>
</testsuite> <!-- maven.Multipledrop -->
