<?xml version="1.0" encoding="UTF-8"?>
<!-- Generated by org.testng.reporters.JUnitReportReporter -->
<testsuite hostname="DESKTOP-CCS3FJI" failures="0" tests="1" name="maven.testngmaven" time="6.329" errors="0" timestamp="2023-12-11T18:28:17 IST" skipped="0">
  <testcase classname="maven.testngmaven" name="openbrowser" time="6.329"/>
  <system-out/>
</testsuite> <!-- maven.testngmaven -->
