<?xml version="1.0" encoding="UTF-8"?>
<!-- Generated by org.testng.reporters.JUnitReportReporter -->
<testsuite hostname="DESKTOP-CCS3FJI" failures="0" tests="1" name="maven.Screenshot" time="4.400" errors="0" timestamp="2023-12-17T19:42:25 IST" skipped="0">
  <testcase classname="maven.Screenshot" name="ss" time="4.400"/>
  <system-out/>
</testsuite> <!-- maven.Screenshot -->
