<?xml version="1.0" encoding="UTF-8"?>
<!-- Generated by org.testng.reporters.JUnitReportReporter -->
<testsuite hostname="DESKTOP-CCS3FJI" failures="0" tests="1" name="maven.jquerrydropdown" time="15.069" errors="0" timestamp="2023-12-13T16:29:54 IST" skipped="0">
  <testcase classname="maven.jquerrydropdown" name="jqdrop" time="15.069"/>
  <system-out/>
</testsuite> <!-- maven.jquerrydropdown -->
