<?xml version="1.0" encoding="UTF-8"?>
<!-- Generated by org.testng.reporters.JUnitReportReporter -->
<testsuite hostname="DESKTOP-CCS3FJI" failures="0" tests="1" name="maven.bootstrapdropdown" time="6.984" errors="0" timestamp="2023-12-13T14:32:17 IST" skipped="0">
  <testcase classname="maven.bootstrapdropdown" name="bootstrap1" time="6.984"/>
  <system-out/>
</testsuite> <!-- maven.bootstrapdropdown -->
